<?xml version="1.0" encoding="UTF-8"?>
<testsuite name="org.example.SILab2Test" tests="2" skipped="0" failures="0" errors="0" timestamp="2024-05-14T18:48:34" hostname="Tomcat" time="0.029">
  <properties/>
  <testcase name="checkMultipleConditions()" classname="org.example.SILab2Test" time="0.022"/>
  <testcase name="checkEveryBranch()" classname="org.example.SILab2Test" time="0.004"/>
  <system-out><![CDATA[]]></system-out>
  <system-err><![CDATA[]]></system-err>
</testsuite>
